Build started 4/6/2017 1:36:35 PM.
     1>Project "C:\Users\DT300164\Desktop\C-Repository\Problem3\Problem3\Problem3.vcxproj" on node 2 (Build target(s)).
     1>ClCompile:
         C:\Program Files (x86)\Microsoft Visual Studio 12.0\VC\bin\CL.exe /c /ZI /nologo /W3 /WX- /sdl /Od /Oy- /D WIN32 /D _DEBUG /D _CONSOLE /D _LIB /D _UNICODE /D UNICODE /Gm /EHsc /RTC1 /MDd /GS /fp:precise /Zc:wchar_t /Zc:forScope /Fo"Debug\\" /Fd"Debug\vc120.pdb" /Gd /TP /analyze- /errorReport:prompt Source.cpp
         Source.cpp
     1>c:\users\dt300164\desktop\c-repository\problem3\problem3\source.cpp(29): error C2676: binary '*' : 'std::string' does not define this operator or a conversion to a type acceptable to the predefined operator
     1>c:\users\dt300164\desktop\c-repository\problem3\problem3\source.cpp(30): error C2676: binary '*' : 'std::string' does not define this operator or a conversion to a type acceptable to the predefined operator
     1>Done Building Project "C:\Users\DT300164\Desktop\C-Repository\Problem3\Problem3\Problem3.vcxproj" (Build target(s)) -- FAILED.

Build FAILED.

Time Elapsed 00:00:01.49
