Build started 4/19/2017 10:17:09 AM.
     1>Project "C:\Users\DT300164\Desktop\C-Repository\4.5randomGame\4.5randomGame\4.5randomGame.vcxproj" on node 2 (Build target(s)).
     1>ClCompile:
         C:\Program Files (x86)\Microsoft Visual Studio 12.0\VC\bin\CL.exe /c /ZI /nologo /W3 /WX- /sdl /Od /Oy- /D WIN32 /D _DEBUG /D _CONSOLE /D _LIB /D _UNICODE /D UNICODE /Gm /EHsc /RTC1 /MDd /GS /fp:precise /Zc:wchar_t /Zc:forScope /Fo"Debug\\" /Fd"Debug\vc120.pdb" /Gd /TP /analyze- /errorReport:prompt Source.cpp
         Source.cpp
     1>c:\users\dt300164\desktop\c-repository\4.5randomgame\4.5randomgame\source.cpp(13): error C2062: type 'int' unexpected
     1>c:\users\dt300164\desktop\c-repository\4.5randomgame\4.5randomgame\source.cpp(22): warning C4552: '+' : operator has no effect; expected operator with side-effect
     1>Done Building Project "C:\Users\DT300164\Desktop\C-Repository\4.5randomGame\4.5randomGame\4.5randomGame.vcxproj" (Build target(s)) -- FAILED.

Build FAILED.

Time Elapsed 00:00:00.29
