Build started 5/3/2017 10:31:30 AM.
     1>Project "C:\Users\DT300164\Desktop\C-Repository\MoonBucksCoffe\MoonBucksCoffe\MoonBucksCoffe.vcxproj" on node 2 (Build target(s)).
     1>ClCompile:
         C:\Program Files (x86)\Microsoft Visual Studio 12.0\VC\bin\CL.exe /c /ZI /nologo /W3 /WX- /sdl /Od /Oy- /D WIN32 /D _DEBUG /D _CONSOLE /D _LIB /D _UNICODE /D UNICODE /Gm /EHsc /RTC1 /MDd /GS /fp:precise /Zc:wchar_t /Zc:forScope /Fo"Debug\\" /Fd"Debug\vc120.pdb" /Gd /TP /analyze- /errorReport:prompt Source.cpp
         Source.cpp
     1>c:\users\dt300164\desktop\c-repository\moonbuckscoffe\moonbuckscoffe\source.cpp(11): error C3861: 'getTotal': identifier not found
     1>Done Building Project "C:\Users\DT300164\Desktop\C-Repository\MoonBucksCoffe\MoonBucksCoffe\MoonBucksCoffe.vcxproj" (Build target(s)) -- FAILED.

Build FAILED.

Time Elapsed 00:00:00.01
